<?xml version="1.0" encoding="UTF-8"?>
<!-- Generated by org.testng.reporters.JUnitReportReporter -->
<testsuite skipped="0" hostname="PC-RAVI-BODDU" name="com.finopaym.api.LoginReq" tests="2" failures="0" timestamp="11 Jul 2017 10:27:26 GMT" time="2.406" errors="0">
  <testcase name="test_02" time="0.233" classname="com.finopaym.api.LoginReq"/>
  <testcase name="test_01" time="2.173" classname="com.finopaym.api.LoginReq"/>
</testsuite> <!-- com.finopaym.api.LoginReq -->
